D:\Work WS\Сев\Ternovka\Терновка_НК.dwg,Лист1,22.03.2017 13:52:01,Intel,_AutoCAD PDF (General Documentation).pc3,ISO без полей A2 (594.00 x 420.00 мм),1:0.108037,
D:\Work WS\Сев\Ternovka\Терновка_НК.dwg,Лист2,22.03.2017 13:52:03,Intel,_AutoCAD PDF (General Documentation).pc3,ISO без полей A2 (594.00 x 420.00 мм),1:0.108037,
D:\Work WS\Сев\Lubimovka\Любимовка НК.dwg,Лист1,22.03.2017 13:56:13,Intel,_AutoCAD PDF (General Documentation).pc3,ISO без полей A2 (420.00 x 594.00 мм),1:0.00354019,
D:\Work WS\Сев\Lubimovka\Любимовка НК.dwg,Лист2,22.03.2017 13:56:25,Intel,_AutoCAD PDF (General Documentation).pc3,ISO без полей A2 (420.00 x 594.00 мм),1:0.0035405,
D:\Work WS\Сев\Lubimovka\Любимовка НК.dwg,Лист3,22.03.2017 13:56:35,Intel,_AutoCAD PDF (General Documentation).pc3,ISO без полей A2 (420.00 x 594.00 мм),1:0.00409606,
D:\Work WS\Сев\Lubimovka\Любимовка НК.dwg,Лист4,22.03.2017 13:56:45,Intel,_AutoCAD PDF (General Documentation).pc3,ISO без полей A2 (420.00 x 594.00 мм),1:0.00409606,
D:\Work WS\Сев\Lubimovka\Любимовка НК.dwg,Обоснование,22.03.2017 13:56:55,Intel,_AutoCAD PDF (General Documentation).pc3,ISO без полей A3 (420.00 x 297.00 мм),1:4.1025e-005,
D:\Work WS\Сев\Ternovka\Терновка_НК.dwg,Лист1,14.04.2017 12:45:03,Intel,_AutoCAD PDF (General Documentation).pc3,ISO без полей A2 (594.00 x 420.00 мм),1:0.108037,
D:\Work WS\Сев\Ternovka\Терновка_НК.dwg,Лист2,14.04.2017 12:45:08,Intel,_AutoCAD PDF (General Documentation).pc3,Прежний размер листа (1470.00 x 297.00 мм),1:0.0215985,
D:\Work WS\Сев\Ternovka\Терновка_НК.dwg,Лист1,14.04.2017 12:50:13,Intel,_AutoCAD PDF (General Documentation).pc3,ISO без полей A2 (594.00 x 420.00 мм),1:0.108037,
D:\Work WS\Сев\Ternovka\Терновка_НК.dwg,Лист2,14.04.2017 12:50:19,Intel,_AutoCAD PDF (General Documentation).pc3,Прежний размер листа (1470.00 x 297.00 мм),1:0.0215985,
D:\Work WS\Сев\Ternovka\Терновка_НК.dwg,Лист1,14.04.2017 12:55:58,Intel,_AutoCAD PDF (General Documentation).pc3,ISO без полей A2 (594.00 x 420.00 мм),1:0.108037,
D:\Work WS\Сев\Ternovka\Терновка_НК.dwg,Лист2,14.04.2017 12:56:02,Intel,_AutoCAD PDF (General Documentation).pc3,Прежний размер листа (1470.00 x 297.00 мм),1:0.0215985,
D:\Work WS\Сев\Ternovka\Терновка_НК.dwg,Лист1,14.04.2017 12:59:46,Intel,_AutoCAD PDF (General Documentation).pc3,ISO без полей A2 (594.00 x 420.00 мм),1:0.108037,
D:\Work WS\Сев\Ternovka\Терновка_НК.dwg,Лист2,14.04.2017 12:59:52,Intel,_AutoCAD PDF (General Documentation).pc3,Прежний размер листа (1470.00 x 297.00 мм),1:0.0215985,
D:\Work WS\Сев\Ternovka\Терновка_НК.dwg,Лист1,14.04.2017 13:01:18,Intel,_AutoCAD PDF (General Documentation).pc3,ISO без полей A2 (594.00 x 420.00 мм),1:0.108037,
D:\Work WS\Сев\Ternovka\Терновка_НК.dwg,Лист2,14.04.2017 13:01:19,Intel,_AutoCAD PDF (General Documentation).pc3,Прежний размер листа (1470.00 x 297.00 мм),1:0.0215985,
D:\Work WS\Сев\Ternovka\Терновка_НК.dwg,Лист6,14.04.2017 13:03:47,Intel,_AutoCAD PDF (General Documentation).pc3,ISO без полей A3 (420.00 x 297.00 мм),1:0.00934201,
D:\Work WS\Сев\Ternovka\Терновка_НК.dwg,Лист7,14.04.2017 13:03:49,Intel,_AutoCAD PDF (General Documentation).pc3,ISO без полей A3 (420.00 x 297.00 мм),1:0.00934201,
D:\Work WS\Сев\Ternovka\Терновка_НК.dwg,Лист8,14.04.2017 13:03:54,Intel,_AutoCAD PDF (General Documentation).pc3,ISO без полей A3 (420.00 x 297.00 мм),1:0.00934201,
D:\Work WS\Сев\Ternovka\Терновка_НК.dwg,Лист6,14.04.2017 13:11:05,Intel,_AutoCAD PDF (General Documentation).pc3,ISO без полей A3 (420.00 x 297.00 мм),1:0.00934201,
D:\Work WS\Сев\Ternovka\Терновка_НК.dwg,Лист7,14.04.2017 13:11:07,Intel,_AutoCAD PDF (General Documentation).pc3,ISO без полей A3 (420.00 x 297.00 мм),1:0.00934201,
D:\Work WS\Сев\Ternovka\Терновка_НК.dwg,Лист8,14.04.2017 13:11:12,Intel,_AutoCAD PDF (General Documentation).pc3,ISO без полей A3 (420.00 x 297.00 мм),1:0.00934201,
D:\Work WS\Сев\Ternovka\Терновка_НК.dwg,Лист1,18.04.2017 15:05:39,Intel,_AutoCAD PDF (General Documentation).pc3,ISO без полей A2 (594.00 x 420.00 мм),1:0.108037,
D:\Work WS\Сев\Ternovka\Терновка_НК.dwg,Лист2,18.04.2017 15:05:40,Intel,_AutoCAD PDF (General Documentation).pc3,Прежний размер листа (1470.00 x 297.00 мм),1:0.0215985,
D:\Work WS\Сев\Ternovka\Терновка_НК.dwg,Лист6,18.04.2017 15:36:56,Intel,_AutoCAD PDF (General Documentation).pc3,ISO без полей A3 (420.00 x 297.00 мм),1:0.00934201,
D:\Work WS\Сев\Ternovka\Терновка_НК.dwg,Лист7,18.04.2017 15:36:58,Intel,_AutoCAD PDF (General Documentation).pc3,ISO без полей A3 (420.00 x 297.00 мм),1:0.00934201,
D:\Work WS\Сев\Ternovka\Терновка_НК.dwg,Лист8,18.04.2017 15:37:03,Intel,_AutoCAD PDF (General Documentation).pc3,ISO без полей A3 (420.00 x 297.00 мм),1:0.00934201,
D:\Work WS\Сев\Ternovka\Терновка_НК.dwg,ПОД_л1,18.04.2017 17:42:49,Intel,_AutoCAD PDF (General Documentation).pc3,ISO без полей A2 (594.00 x 420.00 мм),1:0.0505105,
D:\Work WS\Сев\Ternovka\Терновка_НК.dwg,ПОД_л2,18.04.2017 17:42:55,Intel,_AutoCAD PDF (General Documentation).pc3,ISO без полей A3 (420.00 x 297.00 мм),1:0.010118,
D:\Work WS\Проекты\ДУЗ Трудовое\Трудовое — НВК_к работе.dwg,Р_НК_л1,26.04.2017 10:38:48,Intel,_AutoCAD PDF (General Documentation).pc3,ISO без полей A3 (420.00 x 297.00 мм),1:0.000577249,
D:\Work WS\Проекты\ДУЗ Трудовое\Трудовое — НВК_к работе.dwg,Р_НК_л2,26.04.2017 10:38:54,Intel,_AutoCAD PDF (General Documentation).pc3,ISO без полей A2 (594.00 x 420.00 мм),1:0.000576342,
D:\Work WS\Проекты\ДУЗ Трудовое\Трудовое — НВК_к работе.dwg,Р_НК_л3,26.04.2017 10:38:59,Intel,_AutoCAD PDF (General Documentation).pc3,ISO без полей A2 (594.00 x 420.00 мм),1:0.000115268,
D:\Work WS\Проекты\ДУЗ Трудовое\Трудовое — НВК_к работе.dwg,Р_НК_л4,26.04.2017 10:39:04,Intel,_AutoCAD PDF (General Documentation).pc3,ISO без полей A3 (420.00 x 297.00 мм),1:0.000577249,
D:\Work WS\Проекты\ДУЗ Трудовое\Трудовое — НВК_к работе.dwg,Р_НК_л5,26.04.2017 10:39:09,Intel,_AutoCAD PDF (General Documentation).pc3,ISO без полей A3 (420.00 x 297.00 мм),1:0.000577249,
D:\Work WS\Проекты\ДУЗ Трудовое\Трудовое — НВК_к работе.dwg,Р_НК_л6,26.04.2017 10:39:14,Intel,_AutoCAD PDF (General Documentation).pc3,ISO без полей A3 (420.00 x 297.00 мм),1:0.000577249,
D:\Work WS\Проекты\ДУЗ Трудовое\Трудовое — НВК_к работе.dwg,Р_НК_л7,26.04.2017 10:39:19,Intel,_AutoCAD PDF (General Documentation).pc3,ISO без полей A3 (420.00 x 297.00 мм),1:0.000577249,
D:\Work WS\Проекты\ДУЗ Трудовое\Трудовое — НВК_к работе.dwg,Р_НК_спец,26.04.2017 10:39:24,Intel,_AutoCAD PDF (General Documentation).pc3,ISO без полей A3 (420.00 x 297.00 мм),1:0.000577249,
D:\Work WS\Проекты\ДУЗ Трудовое\Трудовое — НВК_к работе.dwg,Р_НВ_л1,26.04.2017 10:42:17,Intel,_AutoCAD PDF (General Documentation).pc3,ISO без полей A3 (420.00 x 297.00 мм),1:0.000577249,
D:\Work WS\Проекты\ДУЗ Трудовое\Трудовое — НВК_к работе.dwg,Р_НВ_л2,26.04.2017 10:42:21,Intel,_AutoCAD PDF (General Documentation).pc3,ISO без полей A2 (594.00 x 420.00 мм),1:0.000576342,
D:\Work WS\Проекты\ДУЗ Трудовое\Трудовое — НВК_к работе.dwg,Р_НВ_л3,26.04.2017 10:42:26,Intel,_AutoCAD PDF (General Documentation).pc3,ISO без полей A3 (420.00 x 297.00 мм),1:0.000577249,
D:\Work WS\Проекты\ДУЗ Трудовое\Трудовое — НВК_к работе.dwg,Р_НВ_л4,26.04.2017 10:42:31,Intel,_AutoCAD PDF (General Documentation).pc3,ISO без полей A3 (420.00 x 297.00 мм),1:0.000577249,
D:\Work WS\Проекты\ДУЗ Трудовое\Трудовое — НВК_к работе.dwg,Р_НВ_спец,26.04.2017 10:42:36,Intel,_AutoCAD PDF (General Documentation).pc3,ISO без полей A3 (420.00 x 297.00 мм),1:0.000577249,
D:\Work WS\Проекты\ДУЗ Трудовое\ДУЗ Трудовое___ВК___ст_П-----изм санузлы___посл замечания.dwg,К1___л1,26.04.2017 10:44:31,Intel,_AutoCAD PDF (General Documentation).pc3,ISO без полей A1 (841.00 x 594.00 мм),1:0.0159921,
D:\Work WS\Проекты\ДУЗ Трудовое\ДУЗ Трудовое___ВК___ст_П-----изм санузлы___посл замечания.dwg,К1___л2,26.04.2017 10:44:39,Intel,_AutoCAD PDF (General Documentation).pc3,ISO без полей A1 (841.00 x 594.00 мм),1:0.0159921,
D:\Work WS\Проекты\ДУЗ Трудовое\ДУЗ Трудовое___ВК___ст_П-----изм санузлы___посл замечания.dwg,К1___л3,26.04.2017 10:44:45,Intel,_AutoCAD PDF (General Documentation).pc3,ISO без полей A1 (841.00 x 594.00 мм),1:0.0159921,
D:\Work WS\Проекты\ДУЗ Трудовое\ДУЗ Трудовое___ВК___ст_П-----изм санузлы___посл замечания.dwg,К1___л4,26.04.2017 10:44:59,Intel,_AutoCAD PDF (General Documentation).pc3,ISO без полей A2 (594.00 x 420.00 мм),1:0.0160099,
D:\Work WS\Проекты\ДУЗ Трудовое\ДУЗ Трудовое___ВК___ст_П-----изм санузлы___посл замечания.dwg,К1___л5,26.04.2017 10:45:04,Intel,_AutoCAD PDF (General Documentation).pc3,ISO без полей A2 (594.00 x 420.00 мм),1:0.0160099,
D:\Work WS\Проекты\ДУЗ Трудовое\ДУЗ Трудовое___ВК___ст_П-----изм санузлы___посл замечания.dwg,Спец_л6,26.04.2017 10:45:09,Intel,_AutoCAD PDF (General Documentation).pc3,ISO без полей A3 (420.00 x 297.00 мм),1:0.0305783,
D:\Work WS\Проекты\ДУЗ Трудовое\ДУЗ Трудовое___ВК___ст_П-----изм санузлы___посл замечания.dwg,Спец_л7,26.04.2017 10:45:14,Intel,_AutoCAD PDF (General Documentation).pc3,ISO без полей A3 (420.00 x 297.00 мм),1:0.0187846,
D:\Work WS\Сев\Lubimovka\Любимовка НК.dwg,Спец_л1,26.04.2017 17:00:13,Intel,_AutoCAD PDF (General Documentation).pc3,ISO без полей A3 (420.00 x 297.00 мм),1:0.000820501,
D:\Work WS\Сев\Lubimovka\Любимовка НК.dwg,Спец_л2,26.04.2017 17:00:28,Intel,_AutoCAD PDF (General Documentation).pc3,ISO без полей A3 (420.00 x 297.00 мм),1:0.000820501,
D:\Work WS\Сев\Lubimovka\Любимовка НК.dwg,Спец_л3,26.04.2017 17:00:43,Intel,_AutoCAD PDF (General Documentation).pc3,ISO без полей A3 (420.00 x 297.00 мм),1:0.000820501,
D:\Work WS\Сев\Lubimovka\Любимовка НК.dwg,Спец_л4,26.04.2017 17:00:53,Intel,_AutoCAD PDF (General Documentation).pc3,ISO без полей A3 (420.00 x 297.00 мм),1:0.000820501,
D:\Work WS\Сев\Lubimovka\Любимовка НК.dwg,Спец_л5,26.04.2017 17:01:08,Intel,_AutoCAD PDF (General Documentation).pc3,ISO без полей A3 (420.00 x 297.00 мм),1:0.000820501,
D:\Work WS\Сев\Lubimovka\Любимовка НК.dwg,Спец_л6,26.04.2017 17:01:23,Intel,_AutoCAD PDF (General Documentation).pc3,ISO без полей A3 (420.00 x 297.00 мм),1:0.000820501,
D:\Work WS\Сев\Ternovka\Терновка_НК.dwg,Лист6,26.04.2017 17:05:05,Intel,_AutoCAD PDF (General Documentation).pc3,ISO без полей A3 (420.00 x 297.00 мм),1:0.00934201,
D:\Work WS\Сев\Ternovka\Терновка_НК.dwg,Лист7,26.04.2017 17:05:06,Intel,_AutoCAD PDF (General Documentation).pc3,ISO без полей A3 (420.00 x 297.00 мм),1:0.00934201,
D:\Work WS\Сев\Ternovka\Терновка_НК.dwg,Лист8,26.04.2017 17:05:11,Intel,_AutoCAD PDF (General Documentation).pc3,ISO без полей A3 (420.00 x 297.00 мм),1:0.00934201,
D:\Work WS\Сев\Ternovka\Терновка_НК.dwg,Лист9,26.04.2017 17:05:16,Intel,_AutoCAD PDF (General Documentation).pc3,ISO без полей A3 (420.00 x 297.00 мм),1:0.010118,
